Start testing: Nov 16 19:22 EET
----------------------------------------------------------
1/1 Testing: RingBuff basic operations
1/1 Test: RingBuff basic operations
Command: "/home/ion-hz/Develop/cpp/tutorial/algos-datastructures-cpp/build/app/tests" "RingBuff basic operations"
Directory: /home/ion-hz/Develop/cpp/tutorial/algos-datastructures-cpp/build/tests
"RingBuff basic operations" start time: Nov 16 19:22 EET
Output:
----------------------------------------------------------
Filters: RingBuff basic operations
===============================================================================
All tests passed (10 assertions in 1 test case)

<end of output>
Test time =   0.00 sec
----------------------------------------------------------
Test Passed.
"RingBuff basic operations" end time: Nov 16 19:22 EET
"RingBuff basic operations" time elapsed: 00:00:00
----------------------------------------------------------

End testing: Nov 16 19:22 EET
